<?xml version="1.0" encoding="UTF-8"?>
<!-- Generated by org.testng.reporters.JUnitXMLReporter -->
<testsuite ignored="0" hostname="SarthakDell" failures="1" tests="13" name="Test" time="78.357" errors="0" timestamp="2024-02-21T21:12:59 EST">
  <testcase classname="com.automation.Day15_Feb_06_2024_Applying_OOPs_in_Automation.Login" name="verifyLoginWithValidCredentials" time="1.35"/>
  <testcase classname="com.automation.Day15_Feb_06_2024_Applying_OOPs_in_Automation.Login" name="verifyLoginWithInvalidCredentials" time="1.013"/>
  <testcase classname="com.automation.Day15_Feb_06_2024_Applying_OOPs_in_Automation.Login" name="verifyLoginWithValidEmailInvalidPassword" time="0.859"/>
  <testcase classname="com.automation.Day15_Feb_06_2024_Applying_OOPs_in_Automation.Login" name="verifyLoginWithInvalidEmailValidPassword" time="1.004"/>
  <testcase classname="com.automation.Day15_Feb_06_2024_Applying_OOPs_in_Automation.Login" name="verifyLoginWithNoCredentials" time="0.702"/>
  <testcase classname="com.automation.Day15_Feb_06_2024_Applying_OOPs_in_Automation.SearchProduct" name="verifySearchValidProduct" time="0.816">
    <failure type="java.lang.AssertionError" message="expected [false] but found [true]">
      <![CDATA[java.lang.AssertionError: expected [false] but found [true]
at com.automation.Day15_Feb_06_2024_Applying_OOPs_in_Automation.SearchProduct.verifySearchValidProduct(SearchProduct.java:29)
at java.base/java.util.ArrayList.forEach(ArrayList.java:1511)
... Removed 31 stack frames]]>
    </failure>
  </testcase> <!-- verifySearchValidProduct -->
  <testcase classname="com.automation.Day15_Feb_06_2024_Applying_OOPs_in_Automation.SearchProduct" name="verifySearchInvalidProduct" time="0.625"/>
  <testcase classname="com.automation.Day15_Feb_06_2024_Applying_OOPs_in_Automation.SearchProduct" name="verifySearchNoProduct" time="0.565"/>
  <testcase classname="com.automation.Day15_Feb_06_2024_Applying_OOPs_in_Automation.Register" name="verifyRegisterWithNoDetails" time="0.638"/>
  <testcase classname="com.automation.Day15_Feb_06_2024_Applying_OOPs_in_Automation.Register" name="verifyRegisterWithMandatoryDetails" time="1.445"/>
  <testcase classname="com.automation.Day15_Feb_06_2024_Applying_OOPs_in_Automation.Register" name="verifyRegisterWithAllDetails" time="1.597"/>
  <testcase classname="com.automation.Day15_Feb_06_2024_Applying_OOPs_in_Automation.Register" name="verifyRegisterWithExistingEmail" time="1.441"/>
  <testcase classname="com.automation.Day15_Feb_06_2024_Applying_OOPs_in_Automation.Register" name="verifyRegisterWithWrongConfirmPassword" time="1.647"/>
</testsuite> <!-- Test -->
