<?xml version="1.0" encoding="UTF-8"?>
<testng-results ignored="0" total="13" passed="12" failed="1" skipped="0">
  <reporter-output>
  </reporter-output>
  <suite started-at="2024-02-21T21:11:41 EST" name="Suite" finished-at="2024-02-21T21:12:59 EST" duration-ms="78357">
    <groups>
    </groups>
    <test started-at="2024-02-21T21:11:41 EST" name="Test" finished-at="2024-02-21T21:12:59 EST" duration-ms="78357">
      <class name="com.automation.Day15_Feb_06_2024_Applying_OOPs_in_Automation.SearchProduct">
        <test-method is-config="true" signature="setup()[pri:0, instance:com.automation.Day15_Feb_06_2024_Applying_OOPs_in_Automation.SearchProduct@75d3a5e0]" started-at="2024-02-21T21:12:11 EST" name="setup" finished-at="2024-02-21T21:12:15 EST" duration-ms="4136" status="PASS">
          <reporter-output>
          </reporter-output>
        </test-method> <!-- setup -->
        <test-method signature="verifySearchValidProduct()[pri:1, instance:com.automation.Day15_Feb_06_2024_Applying_OOPs_in_Automation.SearchProduct@75d3a5e0]" started-at="2024-02-21T21:12:15 EST" name="verifySearchValidProduct" finished-at="2024-02-21T21:12:16 EST" duration-ms="816" status="FAIL">
          <exception class="java.lang.AssertionError">
            <message>
              <![CDATA[expected [false] but found [true]]]>
            </message>
            <full-stacktrace>
              <![CDATA[java.lang.AssertionError: expected [false] but found [true]
at org.testng.Assert.fail(Assert.java:111)
at org.testng.Assert.failNotEquals(Assert.java:1578)
at org.testng.Assert.assertFalse(Assert.java:79)
at org.testng.Assert.assertFalse(Assert.java:89)
at com.automation.Day15_Feb_06_2024_Applying_OOPs_in_Automation.SearchProduct.verifySearchValidProduct(SearchProduct.java:29)
at java.base/jdk.internal.reflect.NativeMethodAccessorImpl.invoke0(Native Method)
at java.base/jdk.internal.reflect.NativeMethodAccessorImpl.invoke(NativeMethodAccessorImpl.java:77)
at java.base/jdk.internal.reflect.DelegatingMethodAccessorImpl.invoke(DelegatingMethodAccessorImpl.java:43)
at java.base/java.lang.reflect.Method.invoke(Method.java:568)
at org.testng.internal.invokers.MethodInvocationHelper.invokeMethod(MethodInvocationHelper.java:139)
at org.testng.internal.invokers.TestInvoker.invokeMethod(TestInvoker.java:664)
at org.testng.internal.invokers.TestInvoker.invokeTestMethod(TestInvoker.java:228)
at org.testng.internal.invokers.MethodRunner.runInSequence(MethodRunner.java:63)
at org.testng.internal.invokers.TestInvoker$MethodInvocationAgent.invoke(TestInvoker.java:961)
at org.testng.internal.invokers.TestInvoker.invokeTestMethods(TestInvoker.java:201)
at org.testng.internal.invokers.TestMethodWorker.invokeTestMethods(TestMethodWorker.java:148)
at org.testng.internal.invokers.TestMethodWorker.run(TestMethodWorker.java:128)
at java.base/java.util.ArrayList.forEach(ArrayList.java:1511)
at org.testng.TestRunner.privateRun(TestRunner.java:819)
at org.testng.TestRunner.run(TestRunner.java:619)
at org.testng.SuiteRunner.runTest(SuiteRunner.java:443)
at org.testng.SuiteRunner.runSequentially(SuiteRunner.java:437)
at org.testng.SuiteRunner.privateRun(SuiteRunner.java:397)
at org.testng.SuiteRunner.run(SuiteRunner.java:336)
at org.testng.SuiteRunnerWorker.runSuite(SuiteRunnerWorker.java:52)
at org.testng.SuiteRunnerWorker.run(SuiteRunnerWorker.java:95)
at org.testng.TestNG.runSuitesSequentially(TestNG.java:1301)
at org.testng.TestNG.runSuitesLocally(TestNG.java:1228)
at org.testng.TestNG.runSuites(TestNG.java:1134)
at org.testng.TestNG.run(TestNG.java:1101)
at org.testng.remote.AbstractRemoteTestNG.run(AbstractRemoteTestNG.java:115)
at org.testng.remote.RemoteTestNG.initAndRun(RemoteTestNG.java:251)
at org.testng.remote.RemoteTestNG.main(RemoteTestNG.java:77)
]]>
            </full-stacktrace>
          </exception> <!-- java.lang.AssertionError -->
          <reporter-output>
          </reporter-output>
        </test-method> <!-- verifySearchValidProduct -->
        <test-method is-config="true" signature="tearDown()[pri:0, instance:com.automation.Day15_Feb_06_2024_Applying_OOPs_in_Automation.SearchProduct@75d3a5e0]" started-at="2024-02-21T21:12:16 EST" name="tearDown" finished-at="2024-02-21T21:12:16 EST" duration-ms="184" status="PASS">
          <reporter-output>
          </reporter-output>
        </test-method> <!-- tearDown -->
        <test-method is-config="true" signature="setup()[pri:0, instance:com.automation.Day15_Feb_06_2024_Applying_OOPs_in_Automation.SearchProduct@75d3a5e0]" started-at="2024-02-21T21:12:16 EST" name="setup" finished-at="2024-02-21T21:12:21 EST" duration-ms="4277" status="PASS">
          <reporter-output>
          </reporter-output>
        </test-method> <!-- setup -->
        <test-method signature="verifySearchInvalidProduct()[pri:2, instance:com.automation.Day15_Feb_06_2024_Applying_OOPs_in_Automation.SearchProduct@75d3a5e0]" started-at="2024-02-21T21:12:21 EST" name="verifySearchInvalidProduct" finished-at="2024-02-21T21:12:21 EST" duration-ms="625" status="PASS">
          <reporter-output>
          </reporter-output>
        </test-method> <!-- verifySearchInvalidProduct -->
        <test-method is-config="true" signature="tearDown()[pri:0, instance:com.automation.Day15_Feb_06_2024_Applying_OOPs_in_Automation.SearchProduct@75d3a5e0]" started-at="2024-02-21T21:12:21 EST" name="tearDown" finished-at="2024-02-21T21:12:21 EST" duration-ms="136" status="PASS">
          <reporter-output>
          </reporter-output>
        </test-method> <!-- tearDown -->
        <test-method is-config="true" signature="setup()[pri:0, instance:com.automation.Day15_Feb_06_2024_Applying_OOPs_in_Automation.SearchProduct@75d3a5e0]" started-at="2024-02-21T21:12:21 EST" name="setup" finished-at="2024-02-21T21:12:26 EST" duration-ms="4102" status="PASS">
          <reporter-output>
          </reporter-output>
        </test-method> <!-- setup -->
        <test-method signature="verifySearchNoProduct()[pri:3, instance:com.automation.Day15_Feb_06_2024_Applying_OOPs_in_Automation.SearchProduct@75d3a5e0]" started-at="2024-02-21T21:12:26 EST" name="verifySearchNoProduct" finished-at="2024-02-21T21:12:26 EST" duration-ms="565" status="PASS">
          <reporter-output>
          </reporter-output>
        </test-method> <!-- verifySearchNoProduct -->
        <test-method is-config="true" signature="tearDown()[pri:0, instance:com.automation.Day15_Feb_06_2024_Applying_OOPs_in_Automation.SearchProduct@75d3a5e0]" started-at="2024-02-21T21:12:26 EST" name="tearDown" finished-at="2024-02-21T21:12:26 EST" duration-ms="89" status="PASS">
          <reporter-output>
          </reporter-output>
        </test-method> <!-- tearDown -->
      </class> <!-- com.automation.Day15_Feb_06_2024_Applying_OOPs_in_Automation.SearchProduct -->
      <class name="com.automation.Day15_Feb_06_2024_Applying_OOPs_in_Automation.Login">
        <test-method is-config="true" signature="setup()[pri:0, instance:com.automation.Day15_Feb_06_2024_Applying_OOPs_in_Automation.Login@60099951]" started-at="2024-02-21T21:11:41 EST" name="setup" finished-at="2024-02-21T21:11:46 EST" duration-ms="5697" status="PASS">
          <reporter-output>
          </reporter-output>
        </test-method> <!-- setup -->
        <test-method signature="verifyLoginWithValidCredentials()[pri:1, instance:com.automation.Day15_Feb_06_2024_Applying_OOPs_in_Automation.Login@60099951]" started-at="2024-02-21T21:11:46 EST" name="verifyLoginWithValidCredentials" finished-at="2024-02-21T21:11:48 EST" duration-ms="1350" status="PASS">
          <reporter-output>
          </reporter-output>
        </test-method> <!-- verifyLoginWithValidCredentials -->
        <test-method is-config="true" signature="tearDown()[pri:0, instance:com.automation.Day15_Feb_06_2024_Applying_OOPs_in_Automation.Login@60099951]" started-at="2024-02-21T21:11:48 EST" name="tearDown" finished-at="2024-02-21T21:11:48 EST" duration-ms="177" status="PASS">
          <reporter-output>
          </reporter-output>
        </test-method> <!-- tearDown -->
        <test-method is-config="true" signature="setup()[pri:0, instance:com.automation.Day15_Feb_06_2024_Applying_OOPs_in_Automation.Login@60099951]" started-at="2024-02-21T21:11:48 EST" name="setup" finished-at="2024-02-21T21:11:53 EST" duration-ms="4907" status="PASS">
          <reporter-output>
          </reporter-output>
        </test-method> <!-- setup -->
        <test-method signature="verifyLoginWithInvalidCredentials()[pri:2, instance:com.automation.Day15_Feb_06_2024_Applying_OOPs_in_Automation.Login@60099951]" started-at="2024-02-21T21:11:53 EST" name="verifyLoginWithInvalidCredentials" finished-at="2024-02-21T21:11:54 EST" duration-ms="1013" status="PASS">
          <reporter-output>
          </reporter-output>
        </test-method> <!-- verifyLoginWithInvalidCredentials -->
        <test-method is-config="true" signature="tearDown()[pri:0, instance:com.automation.Day15_Feb_06_2024_Applying_OOPs_in_Automation.Login@60099951]" started-at="2024-02-21T21:11:54 EST" name="tearDown" finished-at="2024-02-21T21:11:54 EST" duration-ms="125" status="PASS">
          <reporter-output>
          </reporter-output>
        </test-method> <!-- tearDown -->
        <test-method is-config="true" signature="setup()[pri:0, instance:com.automation.Day15_Feb_06_2024_Applying_OOPs_in_Automation.Login@60099951]" started-at="2024-02-21T21:11:54 EST" name="setup" finished-at="2024-02-21T21:11:59 EST" duration-ms="4815" status="PASS">
          <reporter-output>
          </reporter-output>
        </test-method> <!-- setup -->
        <test-method signature="verifyLoginWithValidEmailInvalidPassword()[pri:3, instance:com.automation.Day15_Feb_06_2024_Applying_OOPs_in_Automation.Login@60099951]" started-at="2024-02-21T21:11:59 EST" name="verifyLoginWithValidEmailInvalidPassword" finished-at="2024-02-21T21:12:00 EST" duration-ms="859" status="PASS">
          <reporter-output>
          </reporter-output>
        </test-method> <!-- verifyLoginWithValidEmailInvalidPassword -->
        <test-method is-config="true" signature="tearDown()[pri:0, instance:com.automation.Day15_Feb_06_2024_Applying_OOPs_in_Automation.Login@60099951]" started-at="2024-02-21T21:12:00 EST" name="tearDown" finished-at="2024-02-21T21:12:00 EST" duration-ms="205" status="PASS">
          <reporter-output>
          </reporter-output>
        </test-method> <!-- tearDown -->
        <test-method is-config="true" signature="setup()[pri:0, instance:com.automation.Day15_Feb_06_2024_Applying_OOPs_in_Automation.Login@60099951]" started-at="2024-02-21T21:12:00 EST" name="setup" finished-at="2024-02-21T21:12:05 EST" duration-ms="4696" status="PASS">
          <reporter-output>
          </reporter-output>
        </test-method> <!-- setup -->
        <test-method signature="verifyLoginWithInvalidEmailValidPassword()[pri:4, instance:com.automation.Day15_Feb_06_2024_Applying_OOPs_in_Automation.Login@60099951]" started-at="2024-02-21T21:12:05 EST" name="verifyLoginWithInvalidEmailValidPassword" finished-at="2024-02-21T21:12:06 EST" duration-ms="1004" status="PASS">
          <reporter-output>
          </reporter-output>
        </test-method> <!-- verifyLoginWithInvalidEmailValidPassword -->
        <test-method is-config="true" signature="tearDown()[pri:0, instance:com.automation.Day15_Feb_06_2024_Applying_OOPs_in_Automation.Login@60099951]" started-at="2024-02-21T21:12:06 EST" name="tearDown" finished-at="2024-02-21T21:12:06 EST" duration-ms="137" status="PASS">
          <reporter-output>
          </reporter-output>
        </test-method> <!-- tearDown -->
        <test-method is-config="true" signature="setup()[pri:0, instance:com.automation.Day15_Feb_06_2024_Applying_OOPs_in_Automation.Login@60099951]" started-at="2024-02-21T21:12:06 EST" name="setup" finished-at="2024-02-21T21:12:10 EST" duration-ms="4760" status="PASS">
          <reporter-output>
          </reporter-output>
        </test-method> <!-- setup -->
        <test-method signature="verifyLoginWithNoCredentials()[pri:5, instance:com.automation.Day15_Feb_06_2024_Applying_OOPs_in_Automation.Login@60099951]" started-at="2024-02-21T21:12:10 EST" name="verifyLoginWithNoCredentials" finished-at="2024-02-21T21:12:11 EST" duration-ms="702" status="PASS">
          <reporter-output>
          </reporter-output>
        </test-method> <!-- verifyLoginWithNoCredentials -->
        <test-method is-config="true" signature="tearDown()[pri:0, instance:com.automation.Day15_Feb_06_2024_Applying_OOPs_in_Automation.Login@60099951]" started-at="2024-02-21T21:12:11 EST" name="tearDown" finished-at="2024-02-21T21:12:11 EST" duration-ms="137" status="PASS">
          <reporter-output>
          </reporter-output>
        </test-method> <!-- tearDown -->
      </class> <!-- com.automation.Day15_Feb_06_2024_Applying_OOPs_in_Automation.Login -->
      <class name="com.automation.Day15_Feb_06_2024_Applying_OOPs_in_Automation.Register">
        <test-method is-config="true" signature="setup()[pri:0, instance:com.automation.Day15_Feb_06_2024_Applying_OOPs_in_Automation.Register@74d1dc36]" started-at="2024-02-21T21:12:26 EST" name="setup" finished-at="2024-02-21T21:12:31 EST" duration-ms="4809" status="PASS">
          <reporter-output>
          </reporter-output>
        </test-method> <!-- setup -->
        <test-method signature="verifyRegisterWithNoDetails()[pri:1, instance:com.automation.Day15_Feb_06_2024_Applying_OOPs_in_Automation.Register@74d1dc36]" started-at="2024-02-21T21:12:31 EST" name="verifyRegisterWithNoDetails" finished-at="2024-02-21T21:12:32 EST" duration-ms="638" status="PASS">
          <reporter-output>
          </reporter-output>
        </test-method> <!-- verifyRegisterWithNoDetails -->
        <test-method is-config="true" signature="tearDown()[pri:0, instance:com.automation.Day15_Feb_06_2024_Applying_OOPs_in_Automation.Register@74d1dc36]" started-at="2024-02-21T21:12:32 EST" name="tearDown" finished-at="2024-02-21T21:12:32 EST" duration-ms="165" status="PASS">
          <reporter-output>
          </reporter-output>
        </test-method> <!-- tearDown -->
        <test-method is-config="true" signature="setup()[pri:0, instance:com.automation.Day15_Feb_06_2024_Applying_OOPs_in_Automation.Register@74d1dc36]" started-at="2024-02-21T21:12:32 EST" name="setup" finished-at="2024-02-21T21:12:37 EST" duration-ms="5620" status="PASS">
          <reporter-output>
          </reporter-output>
        </test-method> <!-- setup -->
        <test-method signature="verifyRegisterWithMandatoryDetails()[pri:2, instance:com.automation.Day15_Feb_06_2024_Applying_OOPs_in_Automation.Register@74d1dc36]" started-at="2024-02-21T21:12:37 EST" name="verifyRegisterWithMandatoryDetails" finished-at="2024-02-21T21:12:39 EST" duration-ms="1445" status="PASS">
          <reporter-output>
          </reporter-output>
        </test-method> <!-- verifyRegisterWithMandatoryDetails -->
        <test-method is-config="true" signature="tearDown()[pri:0, instance:com.automation.Day15_Feb_06_2024_Applying_OOPs_in_Automation.Register@74d1dc36]" started-at="2024-02-21T21:12:39 EST" name="tearDown" finished-at="2024-02-21T21:12:39 EST" duration-ms="141" status="PASS">
          <reporter-output>
          </reporter-output>
        </test-method> <!-- tearDown -->
        <test-method is-config="true" signature="setup()[pri:0, instance:com.automation.Day15_Feb_06_2024_Applying_OOPs_in_Automation.Register@74d1dc36]" started-at="2024-02-21T21:12:39 EST" name="setup" finished-at="2024-02-21T21:12:44 EST" duration-ms="4693" status="PASS">
          <reporter-output>
          </reporter-output>
        </test-method> <!-- setup -->
        <test-method signature="verifyRegisterWithAllDetails()[pri:3, instance:com.automation.Day15_Feb_06_2024_Applying_OOPs_in_Automation.Register@74d1dc36]" started-at="2024-02-21T21:12:44 EST" name="verifyRegisterWithAllDetails" finished-at="2024-02-21T21:12:45 EST" duration-ms="1597" status="PASS">
          <reporter-output>
          </reporter-output>
        </test-method> <!-- verifyRegisterWithAllDetails -->
        <test-method is-config="true" signature="tearDown()[pri:0, instance:com.automation.Day15_Feb_06_2024_Applying_OOPs_in_Automation.Register@74d1dc36]" started-at="2024-02-21T21:12:45 EST" name="tearDown" finished-at="2024-02-21T21:12:46 EST" duration-ms="226" status="PASS">
          <reporter-output>
          </reporter-output>
        </test-method> <!-- tearDown -->
        <test-method is-config="true" signature="setup()[pri:0, instance:com.automation.Day15_Feb_06_2024_Applying_OOPs_in_Automation.Register@74d1dc36]" started-at="2024-02-21T21:12:46 EST" name="setup" finished-at="2024-02-21T21:12:50 EST" duration-ms="4907" status="PASS">
          <reporter-output>
          </reporter-output>
        </test-method> <!-- setup -->
        <test-method signature="verifyRegisterWithExistingEmail()[pri:4, instance:com.automation.Day15_Feb_06_2024_Applying_OOPs_in_Automation.Register@74d1dc36]" started-at="2024-02-21T21:12:50 EST" name="verifyRegisterWithExistingEmail" finished-at="2024-02-21T21:12:52 EST" duration-ms="1441" status="PASS">
          <reporter-output>
          </reporter-output>
        </test-method> <!-- verifyRegisterWithExistingEmail -->
        <test-method is-config="true" signature="tearDown()[pri:0, instance:com.automation.Day15_Feb_06_2024_Applying_OOPs_in_Automation.Register@74d1dc36]" started-at="2024-02-21T21:12:52 EST" name="tearDown" finished-at="2024-02-21T21:12:52 EST" duration-ms="134" status="PASS">
          <reporter-output>
          </reporter-output>
        </test-method> <!-- tearDown -->
        <test-method is-config="true" signature="setup()[pri:0, instance:com.automation.Day15_Feb_06_2024_Applying_OOPs_in_Automation.Register@74d1dc36]" started-at="2024-02-21T21:12:52 EST" name="setup" finished-at="2024-02-21T21:12:57 EST" duration-ms="5160" status="PASS">
          <reporter-output>
          </reporter-output>
        </test-method> <!-- setup -->
        <test-method signature="verifyRegisterWithWrongConfirmPassword()[pri:5, instance:com.automation.Day15_Feb_06_2024_Applying_OOPs_in_Automation.Register@74d1dc36]" started-at="2024-02-21T21:12:57 EST" name="verifyRegisterWithWrongConfirmPassword" finished-at="2024-02-21T21:12:59 EST" duration-ms="1647" status="PASS">
          <reporter-output>
          </reporter-output>
        </test-method> <!-- verifyRegisterWithWrongConfirmPassword -->
        <test-method is-config="true" signature="tearDown()[pri:0, instance:com.automation.Day15_Feb_06_2024_Applying_OOPs_in_Automation.Register@74d1dc36]" started-at="2024-02-21T21:12:59 EST" name="tearDown" finished-at="2024-02-21T21:12:59 EST" duration-ms="155" status="PASS">
          <reporter-output>
          </reporter-output>
        </test-method> <!-- tearDown -->
      </class> <!-- com.automation.Day15_Feb_06_2024_Applying_OOPs_in_Automation.Register -->
    </test> <!-- Test -->
  </suite> <!-- Suite -->
</testng-results>
